[2021-02-01 14:48:23][Info]Login Successful.
[2021-02-01 15:12:47][Warning]Can't open an account file when load accounts to verify
[2021-02-01 15:22:31][Warning]Can't open an account file when load accounts to verify
[2021-02-01 18:47:29][Info]Failed to try login.
[2021-02-01 18:47:46][Info]Login Successful.
[2021-02-01 19:08:46][Info]Login Successful.
[2021-02-01 21:57:46][Info]Create class.
[2021-02-01 22:26:31][Info]Create class.
[2021-02-01 22:27:22][Info]Create class.
[2021-02-01 23:09:58][Warning]Can't open an class file when load class information
[2021-02-01 23:10:22][Info]Create class.
[2021-02-01 23:10:51][Info]Create class.
[2021-02-01 23:46:54][Info]Create class.
[2021-02-02 19:04:20][Info]Create comprehensive examination successfully.
[2021-02-02 22:06:43][Info]Create comprehensive examination successfully.
[2021-02-02 22:08:11][Info]Create comprehensive examination successfully.
[2021-02-03 00:11:18][Info]Create comprehensive examination successfully.
[2021-02-03 11:39:16][Info]Create comprehensive examination successfully.
[2021-02-03 17:20:07][Info]Create comprehensive examination successfully.
[2021-02-03 17:21:45][Info]Create comprehensive examination successfully.
[2021-02-03 18:14:26][Info]Failed to try login.
[2021-02-03 18:14:29][Info]Failed to try login.
[2021-02-04 14:38:41][Info]Create comprehensive examination successfully.
[2021-02-04 14:41:42][Info]Create comprehensive examination successfully.
[2021-02-04 14:42:28][Info]Create comprehensive examination successfully.
[2021-02-05 21:37:56][Info]Failed to try login.
[2021-02-05 22:21:03][Info]Login Successful.
[2021-02-05 22:31:02][Info]Login Successful.
[2021-02-05 22:33:15][Info]Login Successful.
[2021-02-05 22:34:21][Info]Login Successful.
[2021-02-07 22:41:15][Info]Login Successful.
[2021-02-07 22:42:12][Info]Login Successful.
[2021-02-07 22:44:06][Info]Login Successful.
[2021-02-07 22:44:32][Info]Login Successful.
[2021-02-07 22:46:06][Info]Login Successful.
[2021-02-07 22:46:33][Info]Login Successful.
[2021-02-07 22:47:10][Info]Login Successful.
[2021-02-08 00:42:24][Info]Login Successful.
[2021-02-08 11:15:36][Info]Login Successful.
[2021-02-08 11:57:33][Info][System]Login Successful.
[2021-02-08 11:58:12][Info][hdm]User alter user name.
[2021-02-08 12:21:55][Info][System]Login Successful.
[2021-02-08 14:09:00][Info][bbb]Login Successful.
[2021-02-08 14:11:00][Info][ccc]User alter user name.
[2021-02-08 14:11:25][Info][bbb]Login Successful.
[2021-02-08 14:15:29][Info][bbb]Login Successful.
[2021-02-08 14:17:01][Info][bbb]Login Successful.
[2021-02-08 14:21:33][Info][bbb]Login Successful.
[2021-02-08 14:21:42][Info][bbb]Login Successful.
[2021-02-08 14:22:12][Info][bbb]User alter user name.
[2021-02-08 14:30:16][Info][sks]Login Successful.
[2021-02-08 14:30:24][Info][sks]User alter user password.
[2021-02-08 15:37:24][Info][sks]Login Successful.
[2021-02-08 15:38:25][Info][System]Failed to try login.
[2021-02-08 15:38:28][Info][sks]Login Successful.
[2021-02-08 15:41:39][Info][System]Failed to try login.
[2021-02-08 15:41:42][Info][sks]Login Successful.
[2021-02-08 15:43:12][Info][sks]Login Successful.
[2021-02-08 16:55:01][Info][sks]Login Successful.
[2021-02-08 16:57:34][Info][sks]Login Successful.
[2021-02-08 16:59:27][Info][sks]Login Successful.
[2021-02-08 17:04:04][Info][sks]Login Successful.
[2021-02-08 17:05:26][Info][sks]Login Successful.
[2021-02-08 17:07:02][Info][sks]Login Successful.
[2021-02-08 17:09:08][Info][hdm]Login Successful.
[2021-02-08 17:10:05][Info][hdm]Login Successful.
[2021-02-08 17:11:24][Info][hdm]Login Successful.
